#
# There is insufficient memory for the Java Runtime Environment to continue.
# Native memory allocation (mmap) failed to map 132120576 bytes for Failed to commit area from 0x0000000082200000 to 0x000000008a000000 of length 132120576.
# Possible reasons:
#   The system is out of physical RAM or swap space
#   The process is running with CompressedOops enabled, and the Java Heap may be blocking the growth of the native heap
# Possible solutions:
#   Reduce memory load on the system
#   Increase physical memory or swap space
#   Check if swap backing store is full
#   Decrease Java heap size (-Xmx/-Xms)
#   Decrease number of Java threads
#   Decrease Java thread stack sizes (-Xss)
#   Set larger code cache with -XX:ReservedCodeCacheSize=
# This output file may be truncated or incomplete.
#
#  Out of Memory Error (./src/hotspot/os/windows/os_windows.cpp:3301), pid=22276, tid=23320
#
# JRE version:  (11.0.10+8) (build )
# Java VM: OpenJDK 64-Bit Server VM (11.0.10+8-b1145.96, mixed mode, sharing, tiered, compressed oops, g1 gc, windows-amd64)
# No core dump will be written. Minidumps are not enabled by default on client versions of Windows
#

---------------  S U M M A R Y ------------

Command Line: org.jetbrains.git4idea.http.GitAskPassApp Username for 'https://github.com': 

Host: Intel(R) Core(TM) i3-6100U CPU @ 2.30GHz, 4 cores, 7G,  Windows 10 , 64 bit Build 19041 (10.0.19041.1151)
Time: Thu Sep  2 18:36:23 2021 대한민국 표준시 elapsed time: 0.048981 seconds (0d 0h 0m 0s)

---------------  T H R E A D  ---------------

Current thread (0x0000016e1ea7a800):  JavaThread "Unknown thread" [_thread_in_vm, id=23320, stack(0x0000004c5bc00000,0x0000004c5bd00000)]

Stack: [0x0000004c5bc00000,0x0000004c5bd00000]
Native frames: (J=compiled Java code, j=interpreted, Vv=VM code, C=native code)
V  [jvm.dll+0x5ece6a]
V  [jvm.dll+0x722cd5]
V  [jvm.dll+0x72422d]
V  [jvm.dll+0x7248e3]
V  [jvm.dll+0x2428d8]
V  [jvm.dll+0x5ea244]
V  [jvm.dll+0x5df2e5]
V  [jvm.dll+0x2fdddb]
V  [jvm.dll+0x2fdd4a]
V  [jvm.dll+0x2fdc22]
V  [jvm.dll+0x302b06]
V  [jvm.dll+0x34b033]
V  [jvm.dll+0x34b736]
V  [jvm.dll+0x34b133]
V  [jvm.dll+0x2d87d8]
V  [jvm.dll+0x2d9987]
V  [jvm.dll+0x701817]
V  [jvm.dll+0x70300c]
V  [jvm.dll+0x3585a9]
V  [jvm.dll+0x6e516e]
V  [jvm.dll+0x3c09e3]
V  [jvm.dll+0x3c2c71]
C  [jli.dll+0x5373]
C  [ucrtbase.dll+0x21bb2]
C  [KERNEL32.DLL+0x17034]
C  [ntdll.dll+0x52651]


---------------  P R O C E S S  ---------------

Threads class SMR info:
_java_thread_list=0x0000016e1c9a0b00, length=0, elements={
}

Java Threads: ( => current thread )

Other Threads:
  0x0000016e1ea96000 GCTaskThread "GC Thread#0" [stack: 0x0000004c5bd00000,0x0000004c5be00000] [id=25252]
  0x0000016e1eac6800 ConcurrentGCThread "G1 Main Marker" [stack: 0x0000004c5be00000,0x0000004c5bf00000] [id=18864]
  0x0000016e1eac7800 ConcurrentGCThread "G1 Conc#0" [stack: 0x0000004c5bf00000,0x0000004c5c000000] [id=13440]

[error occurred during error reporting (printing all threads), id 0xc0000005, EXCEPTION_ACCESS_VIOLATION (0xc0000005) at pc=0x00007ffa25c68db7]

VM state:not at safepoint (not fully initialized)

VM Mutex/Monitor currently owned by a thread:  ([mutex/lock_event])
[0x0000016e1ea78760] Heap_lock - owner thread: 0x0000016e1ea7a800

Heap address: 0x0000000082200000, size: 2014 MB, Compressed Oops mode: Non-zero based: 0x0000000082200000
Narrow klass base: 0x0000000000000000, Narrow klass shift: 0

GC Heap History (0 events):
No events

Deoptimization events (0 events):
No events

Classes redefined (0 events):
No events

Internal exceptions (0 events):
No events

Events (1 events):
Event: 0.030 Loaded shared library C:\Program Files\JetBrains\PyCharm Community Edition 2020.3.2\jbr\bin\zip.dll


Dynamic libraries:
0x00007ff69ede0000 - 0x00007ff69edea000 	C:\Program Files\JetBrains\PyCharm Community Edition 2020.3.2\jbr\bin\java.exe
0x00007ffa7dbf0000 - 0x00007ffa7dde5000 	C:\WINDOWS\SYSTEM32\ntdll.dll
0x00007ffa7c330000 - 0x00007ffa7c3ed000 	C:\WINDOWS\System32\KERNEL32.DLL
0x00007ffa7b320000 - 0x00007ffa7b5e9000 	C:\WINDOWS\System32\KERNELBASE.dll
0x00007ffa7b5f0000 - 0x00007ffa7b6f0000 	C:\WINDOWS\System32\ucrtbase.dll
0x00007ffa6d6b0000 - 0x00007ffa6d6c9000 	C:\Program Files\JetBrains\PyCharm Community Edition 2020.3.2\jbr\bin\jli.dll
0x00007ffa69520000 - 0x00007ffa69537000 	C:\Program Files\JetBrains\PyCharm Community Edition 2020.3.2\jbr\bin\VCRUNTIME140.dll
0x00007ffa7c130000 - 0x00007ffa7c2d0000 	C:\WINDOWS\System32\USER32.dll
0x00007ffa7b6f0000 - 0x00007ffa7b712000 	C:\WINDOWS\System32\win32u.dll
0x00007ffa7cdd0000 - 0x00007ffa7cdfa000 	C:\WINDOWS\System32\GDI32.dll
0x00007ffa7baa0000 - 0x00007ffa7bbab000 	C:\WINDOWS\System32\gdi32full.dll
0x00007ffa6aff0000 - 0x00007ffa6b28a000 	C:\WINDOWS\WinSxS\amd64_microsoft.windows.common-controls_6595b64144ccf1df_6.0.19041.1110_none_60b5254171f9507e\COMCTL32.dll
0x00007ffa7bbb0000 - 0x00007ffa7bc4d000 	C:\WINDOWS\System32\msvcp_win.dll
0x00007ffa7da60000 - 0x00007ffa7dafe000 	C:\WINDOWS\System32\msvcrt.dll
0x00007ffa7c3f0000 - 0x00007ffa7c420000 	C:\WINDOWS\System32\IMM32.DLL
0x00007ffa5b320000 - 0x00007ffa5b3bd000 	C:\Program Files\JetBrains\PyCharm Community Edition 2020.3.2\jbr\bin\msvcp140.dll
0x00007ffa25980000 - 0x00007ffa26450000 	C:\Program Files\JetBrains\PyCharm Community Edition 2020.3.2\jbr\bin\server\jvm.dll
0x00007ffa7bed0000 - 0x00007ffa7bf7c000 	C:\WINDOWS\System32\ADVAPI32.dll
0x00007ffa7db10000 - 0x00007ffa7dbab000 	C:\WINDOWS\System32\sechost.dll
0x00007ffa7cca0000 - 0x00007ffa7cdca000 	C:\WINDOWS\System32\RPCRT4.dll
0x00007ffa7bdf0000 - 0x00007ffa7bdf8000 	C:\WINDOWS\System32\PSAPI.DLL
0x00007ffa6e760000 - 0x00007ffa6e76a000 	C:\WINDOWS\SYSTEM32\VERSION.dll
0x00007ffa62380000 - 0x00007ffa623a7000 	C:\WINDOWS\SYSTEM32\WINMM.dll
0x00007ffa76dc0000 - 0x00007ffa76dc9000 	C:\WINDOWS\SYSTEM32\WSOCK32.dll
0x00007ffa7ceb0000 - 0x00007ffa7cf1b000 	C:\WINDOWS\System32\WS2_32.dll
0x00007ffa79230000 - 0x00007ffa79242000 	C:\WINDOWS\SYSTEM32\kernel.appcore.dll
0x00007ffa6d860000 - 0x00007ffa6d871000 	C:\Program Files\JetBrains\PyCharm Community Edition 2020.3.2\jbr\bin\verify.dll
0x00007ffa60b00000 - 0x00007ffa60ce4000 	C:\WINDOWS\SYSTEM32\DBGHELP.DLL
0x00007ffa60ad0000 - 0x00007ffa60afc000 	C:\WINDOWS\SYSTEM32\dbgcore.DLL
0x00007ffa7b960000 - 0x00007ffa7b9e3000 	C:\WINDOWS\System32\bcryptPrimitives.dll
0x00007ffa6d650000 - 0x00007ffa6d679000 	C:\Program Files\JetBrains\PyCharm Community Edition 2020.3.2\jbr\bin\java.dll
0x00007ffa74440000 - 0x00007ffa7444b000 	C:\Program Files\JetBrains\PyCharm Community Edition 2020.3.2\jbr\bin\jimage.dll
0x00007ffa6c140000 - 0x00007ffa6c158000 	C:\Program Files\JetBrains\PyCharm Community Edition 2020.3.2\jbr\bin\zip.dll

dbghelp: loaded successfully - version: 4.0.5 - missing functions: none
symbol engine: initialized successfully - sym options: 0x614 - pdb path: .;C:\Program Files\JetBrains\PyCharm Community Edition 2020.3.2\jbr\bin;C:\WINDOWS\SYSTEM32;C:\WINDOWS\WinSxS\amd64_microsoft.windows.common-controls_6595b64144ccf1df_6.0.19041.1110_none_60b5254171f9507e;C:\Program Files\JetBrains\PyCharm Community Edition 2020.3.2\jbr\bin\server

VM Arguments:
java_command: org.jetbrains.git4idea.http.GitAskPassApp Username for 'https://github.com': 
java_class_path (initial): C:/Program Files/JetBrains/PyCharm Community Edition 2020.3.2/plugins/git4idea/lib/git4idea-rt.jar;C:/Program Files/JetBrains/PyCharm Community Edition 2020.3.2/lib/xmlrpc-2.0.1.jar;C:/Program Files/JetBrains/PyCharm Community Edition 2020.3.2/lib/commons-codec-1.14.jar
Launcher Type: SUN_STANDARD

[Global flags]
     intx CICompilerCount                          = 3                                         {product} {ergonomic}
     uint ConcGCThreads                            = 1                                         {product} {ergonomic}
     uint G1ConcRefinementThreads                  = 4                                         {product} {ergonomic}
   size_t G1HeapRegionSize                         = 1048576                                   {product} {ergonomic}
    uintx GCDrainStackTargetSize                   = 64                                        {product} {ergonomic}
   size_t InitialHeapSize                          = 132120576                                 {product} {ergonomic}
   size_t MarkStackSize                            = 4194304                                   {product} {ergonomic}
   size_t MaxHeapSize                              = 2111832064                                {product} {ergonomic}
   size_t MinHeapDeltaBytes                        = 1048576                                   {product} {ergonomic}
    uintx NonNMethodCodeHeapSize                   = 5830732                                {pd product} {ergonomic}
    uintx NonProfiledCodeHeapSize                  = 122913754                              {pd product} {ergonomic}
    uintx ProfiledCodeHeapSize                     = 122913754                              {pd product} {ergonomic}
    uintx ReservedCodeCacheSize                    = 251658240                              {pd product} {ergonomic}
     bool SegmentedCodeCache                       = true                                      {product} {ergonomic}
     bool UseCompressedClassPointers               = true                                 {lp64_product} {ergonomic}
     bool UseCompressedOops                        = true                                 {lp64_product} {ergonomic}
     bool UseG1GC                                  = true                                      {product} {ergonomic}
     bool UseLargePagesIndividualAllocation        = false                                  {pd product} {ergonomic}

Logging:
Log output configuration:
 #0: stdout all=warning uptime,level,tags
 #1: stderr all=off uptime,level,tags

Environment Variables:
JAVA_HOME=C:\Program Files\Java\jdk-13.0.2
PATH=C:/Program Files/Git/mingw64/libexec/git-core;C:/Program Files/Git/mingw64/libexec/git-core;C:\Program Files\Git\mingw64\bin;C:\Program Files\Git\usr\bin;C:\Users\LG\bin;C:\Program Files\Java\jdk-13.0.2\bin;C:\Program Files (x86)\Intel\iCLS Client\;C:\Program Files\Intel\iCLS Client\;C:\WINDOWS\system32;C:\WINDOWS;C:\WINDOWS\System32\Wbem;C:\WINDOWS\System32\WindowsPowerShell\v1.0\;C:\Program Files (x86)\Intel\Intel(R) Management Engine Components\DAL;C:\Program Files\Intel\Intel(R) Management Engine Components\DAL;C:\Program Files (x86)\Intel\Intel(R) Management Engine Components\IPT;C:\Program Files\Intel\Intel(R) Management Engine Components\IPT;C:\Program Files\MATLAB\R2018a\bin;C:\WINDOWS\System32\OpenSSH\;C:\Program Files\Git\cmd;C:\Program Files\dotnet\;C:\Users\LG\AppData\Local\Programs\Python\Python39\Scripts\;C:\Users\LG\AppData\Local\Programs\Python\Python39\;C:\Users\LG\AppData\Local\Programs\Python\Python36\Scripts\;C:\Users\LG\AppData\Local\Programs\Python\Python36\;C:\Users\LG\AppData\Local\Microsoft\WindowsApps;C:\Program Files\JetBrains\PyCharm Community Edition 2020.3.2\bin;C:\Users\LG\AppData\Local\Microsoft\WindowsApps;C:\Users\LG\.dotnet\tools
USERNAME=LG
DISPLAY=:0.0
LC_ALL=en_US.UTF-8
OS=Windows_NT
PROCESSOR_IDENTIFIER=Intel64 Family 6 Model 78 Stepping 3, GenuineIntel



---------------  S Y S T E M  ---------------

OS: Windows 10 , 64 bit Build 19041 (10.0.19041.1151)
OS uptime: 20 days 3:43 hours

CPU:total 4 (initial active 4) (2 cores per cpu, 2 threads per core) family 6 model 78 stepping 3 microcode 0xcc, cmov, cx8, fxsr, mmx, sse, sse2, sse3, ssse3, sse4.1, sse4.2, popcnt, avx, avx2, aes, clmul, erms, rtm, 3dnowpref, lzcnt, ht, tsc, tscinvbit, bmi1, bmi2, adx, fma

Memory: 4k page, system-wide physical 8055M (2757M free)
TotalPageFile size 30887M (AvailPageFile size 85M)
current process WorkingSet (physical memory assigned to process): 10M, peak: 10M
current process commit charge ("private bytes"): 51M, peak: 177M

vm_info: OpenJDK 64-Bit Server VM (11.0.10+8-b1145.96) for windows-amd64 JRE (11.0.10+8-b1145.96), built on Feb 18 2021 01:38:16 by "" with MS VC++ 14.0 (VS2015)

END.
